<?xml version='1.0' encoding='UTF-8'?>
<testsuite hostname="dhcp-vlan861-208-71.vlan861.client.wireless.uic.edu" name="homework1_PAJtest" tests="5" errors="0" failures="0" skipped="0" time="0.052" timestamp="2022-03-02T16:17:46">
          <properties>
[...]
</properties>
          <testcase classname="homework1_PAJtest" name="Feature: Sets Operation Scenario: newSet" time="0.038">
                      
                    </testcase><testcase classname="homework1_PAJtest" name="Feature: setUnion Scenario: setUnion" time="0.008">
                      
                    </testcase><testcase classname="homework1_PAJtest" name="Feature: setIntersection Scenario: setIntersection" time="0.002">
                      
                    </testcase><testcase classname="homework1_PAJtest" name="Feature: setdifference Scenario: setDifference" time="0.002">
                      
                    </testcase><testcase classname="homework1_PAJtest" name="Feature: symmetric Difference Scenario: setSymmetricDifference" time="0.002">
                      
                    </testcase>
          <system-out><![CDATA[]]></system-out>
          <system-err><![CDATA[]]></system-err>
        </testsuite>